<?xml version="1.0" encoding="UTF-8"?>
<testsuite xmlns:xsi="http://www.w3.org/2001/XMLSchema-instance" xsi:noNamespaceSchemaLocation="https://maven.apache.org/surefire/maven-surefire-plugin/xsd/surefire-test-report.xsd" name="cucumber.Options.TestRunner" time="9.985" tests="11" errors="0" skipped="0" failures="0">
  <properties>
[...]
</properties>
  <testcase name="Add place payload &quot;Shivani&quot; &quot;Marathi&quot; &quot;Nagpur&quot;" classname="Verify place added successfully using AddPlaceAPI" time="1.605"/>
  <testcase name="user calls &quot;AddPlaceAPI&quot; using &quot;POST&quot; http request" classname="Verify place added successfully using AddPlaceAPI" time="3.231"/>
  <testcase name="the API call is success with status code 200" classname="Verify place added successfully using AddPlaceAPI" time="0.002"/>
  <testcase name="&quot;status&quot; in response is &quot;OK&quot;" classname="Verify place added successfully using AddPlaceAPI" time="1.296"/>
  <testcase name="&quot;scope&quot; in response is &quot;APP&quot;" classname="Verify place added successfully using AddPlaceAPI" time="0.019"/>
  <testcase name="verify place_id created maps to &quot;Shivani&quot; usign &quot;getPlaceAPI&quot;" classname="Verify place added successfully using AddPlaceAPI" time="1.383"/>
  <testcase name="Verify place added successfully using AddPlaceAPI" classname="Verify place added successfully using AddPlaceAPI" time="1.384"/>
  <testcase name="DeletePlace Payload" classname="Verify if deletePlace API working" time="0.001"/>
  <testcase name="user calls &quot;deletePlaceAPI&quot; using &quot;POST&quot; http request" classname="Verify if deletePlace API working" time="0.97"/>
  <testcase name="the API call is success with status code 200" classname="Verify if deletePlace API working" time="0.001"/>
  <testcase name="Verify if deletePlace API working" classname="Verify if deletePlace API working" time="0.001"/>
</testsuite>